<?xml version="1.0" encoding="UTF-8"?>
<testsuite xmlns:xsi="http://www.w3.org/2001/XMLSchema-instance" xsi:noNamespaceSchemaLocation="https://maven.apache.org/surefire/maven-surefire-plugin/xsd/surefire-test-report.xsd" name="com.off.bussiness.assigment.OffBussinessAssigment.OffBussinessAssigmentApplicationTests" time="0.582" tests="1" errors="1" skipped="0" failures="0">
  <properties>
    <property name="sun.desktop" value="windows"/>
    <property name="awt.toolkit" value="sun.awt.windows.WToolkit"/>
    <property name="file.encoding.pkg" value="sun.io"/>
    <property name="java.specification.version" value="1.8"/>
    <property name="sun.cpu.isalist" value="amd64"/>
    <property name="sun.jnu.encoding" value="Cp1252"/>
    <property name="java.class.path" value="C:\Users\Kartik Verma\Downloads\OffBussinessAssigment\OffBussinessAssigment\target\test-classes;C:\Users\Kartik Verma\Downloads\OffBussinessAssigment\OffBussinessAssigment\target\classes;C:\Users\Kartik Verma\.m2\repository\org\springframework\boot\spring-boot-starter-web\2.5.4\spring-boot-starter-web-2.5.4.jar;C:\Users\Kartik Verma\.m2\repository\org\springframework\boot\spring-boot-starter\2.5.4\spring-boot-starter-2.5.4.jar;C:\Users\Kartik Verma\.m2\repository\org\springframework\boot\spring-boot-starter-logging\2.5.4\spring-boot-starter-logging-2.5.4.jar;C:\Users\Kartik Verma\.m2\repository\ch\qos\logback\logback-classic\1.2.5\logback-classic-1.2.5.jar;C:\Users\Kartik Verma\.m2\repository\ch\qos\logback\logback-core\1.2.5\logback-core-1.2.5.jar;C:\Users\Kartik Verma\.m2\repository\org\apache\logging\log4j\log4j-to-slf4j\2.14.1\log4j-to-slf4j-2.14.1.jar;C:\Users\Kartik Verma\.m2\repository\org\apache\logging\log4j\log4j-api\2.14.1\log4j-api-2.14.1.jar;C:\Users\Kartik Verma\.m2\repository\org\slf4j\jul-to-slf4j\1.7.32\jul-to-slf4j-1.7.32.jar;C:\Users\Kartik Verma\.m2\repository\jakarta\annotation\jakarta.annotation-api\1.3.5\jakarta.annotation-api-1.3.5.jar;C:\Users\Kartik Verma\.m2\repository\org\yaml\snakeyaml\1.28\snakeyaml-1.28.jar;C:\Users\Kartik Verma\.m2\repository\org\springframework\boot\spring-boot-starter-json\2.5.4\spring-boot-starter-json-2.5.4.jar;C:\Users\Kartik Verma\.m2\repository\com\fasterxml\jackson\core\jackson-databind\2.12.4\jackson-databind-2.12.4.jar;C:\Users\Kartik Verma\.m2\repository\com\fasterxml\jackson\core\jackson-annotations\2.12.4\jackson-annotations-2.12.4.jar;C:\Users\Kartik Verma\.m2\repository\com\fasterxml\jackson\core\jackson-core\2.12.4\jackson-core-2.12.4.jar;C:\Users\Kartik Verma\.m2\repository\com\fasterxml\jackson\datatype\jackson-datatype-jdk8\2.12.4\jackson-datatype-jdk8-2.12.4.jar;C:\Users\Kartik Verma\.m2\repository\com\fasterxml\jackson\datatype\jackson-datatype-jsr310\2.12.4\jackson-datatype-jsr310-2.12.4.jar;C:\Users\Kartik Verma\.m2\repository\com\fasterxml\jackson\module\jackson-module-parameter-names\2.12.4\jackson-module-parameter-names-2.12.4.jar;C:\Users\Kartik Verma\.m2\repository\org\springframework\boot\spring-boot-starter-tomcat\2.5.4\spring-boot-starter-tomcat-2.5.4.jar;C:\Users\Kartik Verma\.m2\repository\org\apache\tomcat\embed\tomcat-embed-core\9.0.52\tomcat-embed-core-9.0.52.jar;C:\Users\Kartik Verma\.m2\repository\org\apache\tomcat\embed\tomcat-embed-el\9.0.52\tomcat-embed-el-9.0.52.jar;C:\Users\Kartik Verma\.m2\repository\org\apache\tomcat\embed\tomcat-embed-websocket\9.0.52\tomcat-embed-websocket-9.0.52.jar;C:\Users\Kartik Verma\.m2\repository\org\springframework\spring-web\5.3.9\spring-web-5.3.9.jar;C:\Users\Kartik Verma\.m2\repository\org\springframework\spring-beans\5.3.9\spring-beans-5.3.9.jar;C:\Users\Kartik Verma\.m2\repository\org\springframework\spring-webmvc\5.3.9\spring-webmvc-5.3.9.jar;C:\Users\Kartik Verma\.m2\repository\org\springframework\spring-aop\5.3.9\spring-aop-5.3.9.jar;C:\Users\Kartik Verma\.m2\repository\org\springframework\spring-context\5.3.9\spring-context-5.3.9.jar;C:\Users\Kartik Verma\.m2\repository\org\springframework\spring-expression\5.3.9\spring-expression-5.3.9.jar;C:\Users\Kartik Verma\.m2\repository\org\springframework\boot\spring-boot-starter-webflux\2.5.4\spring-boot-starter-webflux-2.5.4.jar;C:\Users\Kartik Verma\.m2\repository\org\springframework\boot\spring-boot-starter-reactor-netty\2.5.4\spring-boot-starter-reactor-netty-2.5.4.jar;C:\Users\Kartik Verma\.m2\repository\io\projectreactor\netty\reactor-netty-http\1.0.10\reactor-netty-http-1.0.10.jar;C:\Users\Kartik Verma\.m2\repository\io\netty\netty-codec-http\4.1.67.Final\netty-codec-http-4.1.67.Final.jar;C:\Users\Kartik Verma\.m2\repository\io\netty\netty-common\4.1.67.Final\netty-common-4.1.67.Final.jar;C:\Users\Kartik Verma\.m2\repository\io\netty\netty-buffer\4.1.67.Final\netty-buffer-4.1.67.Final.jar;C:\Users\Kartik Verma\.m2\repository\io\netty\netty-transport\4.1.67.Final\netty-transport-4.1.67.Final.jar;C:\Users\Kartik Verma\.m2\repository\io\netty\netty-codec\4.1.67.Final\netty-codec-4.1.67.Final.jar;C:\Users\Kartik Verma\.m2\repository\io\netty\netty-handler\4.1.67.Final\netty-handler-4.1.67.Final.jar;C:\Users\Kartik Verma\.m2\repository\io\netty\netty-codec-http2\4.1.67.Final\netty-codec-http2-4.1.67.Final.jar;C:\Users\Kartik Verma\.m2\repository\io\netty\netty-resolver-dns\4.1.67.Final\netty-resolver-dns-4.1.67.Final.jar;C:\Users\Kartik Verma\.m2\repository\io\netty\netty-resolver\4.1.67.Final\netty-resolver-4.1.67.Final.jar;C:\Users\Kartik Verma\.m2\repository\io\netty\netty-codec-dns\4.1.67.Final\netty-codec-dns-4.1.67.Final.jar;C:\Users\Kartik Verma\.m2\repository\io\netty\netty-resolver-dns-native-macos\4.1.67.Final\netty-resolver-dns-native-macos-4.1.67.Final-osx-x86_64.jar;C:\Users\Kartik Verma\.m2\repository\io\netty\netty-transport-native-unix-common\4.1.67.Final\netty-transport-native-unix-common-4.1.67.Final.jar;C:\Users\Kartik Verma\.m2\repository\io\netty\netty-transport-native-epoll\4.1.67.Final\netty-transport-native-epoll-4.1.67.Final-linux-x86_64.jar;C:\Users\Kartik Verma\.m2\repository\io\projectreactor\netty\reactor-netty-core\1.0.10\reactor-netty-core-1.0.10.jar;C:\Users\Kartik Verma\.m2\repository\io\netty\netty-handler-proxy\4.1.67.Final\netty-handler-proxy-4.1.67.Final.jar;C:\Users\Kartik Verma\.m2\repository\io\netty\netty-codec-socks\4.1.67.Final\netty-codec-socks-4.1.67.Final.jar;C:\Users\Kartik Verma\.m2\repository\org\springframework\spring-webflux\5.3.9\spring-webflux-5.3.9.jar;C:\Users\Kartik Verma\.m2\repository\org\springframework\boot\spring-boot-devtools\2.5.4\spring-boot-devtools-2.5.4.jar;C:\Users\Kartik Verma\.m2\repository\org\springframework\boot\spring-boot\2.5.4\spring-boot-2.5.4.jar;C:\Users\Kartik Verma\.m2\repository\org\springframework\boot\spring-boot-autoconfigure\2.5.4\spring-boot-autoconfigure-2.5.4.jar;C:\Users\Kartik Verma\.m2\repository\org\springframework\boot\spring-boot-starter-test\2.5.4\spring-boot-starter-test-2.5.4.jar;C:\Users\Kartik Verma\.m2\repository\org\springframework\boot\spring-boot-test\2.5.4\spring-boot-test-2.5.4.jar;C:\Users\Kartik Verma\.m2\repository\org\springframework\boot\spring-boot-test-autoconfigure\2.5.4\spring-boot-test-autoconfigure-2.5.4.jar;C:\Users\Kartik Verma\.m2\repository\com\jayway\jsonpath\json-path\2.5.0\json-path-2.5.0.jar;C:\Users\Kartik Verma\.m2\repository\net\minidev\json-smart\2.4.7\json-smart-2.4.7.jar;C:\Users\Kartik Verma\.m2\repository\net\minidev\accessors-smart\2.4.7\accessors-smart-2.4.7.jar;C:\Users\Kartik Verma\.m2\repository\org\ow2\asm\asm\9.1\asm-9.1.jar;C:\Users\Kartik Verma\.m2\repository\org\slf4j\slf4j-api\1.7.32\slf4j-api-1.7.32.jar;C:\Users\Kartik Verma\.m2\repository\jakarta\xml\bind\jakarta.xml.bind-api\2.3.3\jakarta.xml.bind-api-2.3.3.jar;C:\Users\Kartik Verma\.m2\repository\jakarta\activation\jakarta.activation-api\1.2.2\jakarta.activation-api-1.2.2.jar;C:\Users\Kartik Verma\.m2\repository\org\assertj\assertj-core\3.19.0\assertj-core-3.19.0.jar;C:\Users\Kartik Verma\.m2\repository\org\hamcrest\hamcrest\2.2\hamcrest-2.2.jar;C:\Users\Kartik Verma\.m2\repository\org\junit\jupiter\junit-jupiter\5.7.2\junit-jupiter-5.7.2.jar;C:\Users\Kartik Verma\.m2\repository\org\junit\jupiter\junit-jupiter-api\5.7.2\junit-jupiter-api-5.7.2.jar;C:\Users\Kartik Verma\.m2\repository\org\apiguardian\apiguardian-api\1.1.0\apiguardian-api-1.1.0.jar;C:\Users\Kartik Verma\.m2\repository\org\opentest4j\opentest4j\1.2.0\opentest4j-1.2.0.jar;C:\Users\Kartik Verma\.m2\repository\org\junit\platform\junit-platform-commons\1.7.2\junit-platform-commons-1.7.2.jar;C:\Users\Kartik Verma\.m2\repository\org\junit\jupiter\junit-jupiter-params\5.7.2\junit-jupiter-params-5.7.2.jar;C:\Users\Kartik Verma\.m2\repository\org\junit\jupiter\junit-jupiter-engine\5.7.2\junit-jupiter-engine-5.7.2.jar;C:\Users\Kartik Verma\.m2\repository\org\junit\platform\junit-platform-engine\1.7.2\junit-platform-engine-1.7.2.jar;C:\Users\Kartik Verma\.m2\repository\org\mockito\mockito-core\3.9.0\mockito-core-3.9.0.jar;C:\Users\Kartik Verma\.m2\repository\net\bytebuddy\byte-buddy\1.10.22\byte-buddy-1.10.22.jar;C:\Users\Kartik Verma\.m2\repository\net\bytebuddy\byte-buddy-agent\1.10.22\byte-buddy-agent-1.10.22.jar;C:\Users\Kartik Verma\.m2\repository\org\objenesis\objenesis\3.2\objenesis-3.2.jar;C:\Users\Kartik Verma\.m2\repository\org\mockito\mockito-junit-jupiter\3.9.0\mockito-junit-jupiter-3.9.0.jar;C:\Users\Kartik Verma\.m2\repository\org\skyscreamer\jsonassert\1.5.0\jsonassert-1.5.0.jar;C:\Users\Kartik Verma\.m2\repository\com\vaadin\external\google\android-json\0.0.20131108.vaadin1\android-json-0.0.20131108.vaadin1.jar;C:\Users\Kartik Verma\.m2\repository\org\springframework\spring-core\5.3.9\spring-core-5.3.9.jar;C:\Users\Kartik Verma\.m2\repository\org\springframework\spring-jcl\5.3.9\spring-jcl-5.3.9.jar;C:\Users\Kartik Verma\.m2\repository\org\springframework\spring-test\5.3.9\spring-test-5.3.9.jar;C:\Users\Kartik Verma\.m2\repository\org\xmlunit\xmlunit-core\2.8.2\xmlunit-core-2.8.2.jar;C:\Users\Kartik Verma\.m2\repository\io\projectreactor\reactor-test\3.4.9\reactor-test-3.4.9.jar;C:\Users\Kartik Verma\.m2\repository\io\projectreactor\reactor-core\3.4.9\reactor-core-3.4.9.jar;C:\Users\Kartik Verma\.m2\repository\org\reactivestreams\reactive-streams\1.0.3\reactive-streams-1.0.3.jar;"/>
    <property name="java.vm.vendor" value="Oracle Corporation"/>
    <property name="sun.arch.data.model" value="64"/>
    <property name="user.variant" value=""/>
    <property name="java.vendor.url" value="http://java.oracle.com/"/>
    <property name="user.timezone" value="Asia/Calcutta"/>
    <property name="java.vm.specification.version" value="1.8"/>
    <property name="os.name" value="Windows 10"/>
    <property name="user.country" value="IN"/>
    <property name="sun.java.launcher" value="SUN_STANDARD"/>
    <property name="sun.boot.library.path" value="C:\Program Files\Java\jdk1.8.0_162\jre\bin"/>
    <property name="sun.java.command" value="C:\Users\KARTIK~1\AppData\Local\Temp\surefire574678659131096672\surefirebooter654842311684048035.jar C:\Users\Kartik Verma\AppData\Local\Temp\surefire574678659131096672 2021-09-21T20-11-45_468-jvmRun1 surefire211302572547810565tmp surefire_05325678807655039579tmp"/>
    <property name="surefire.test.class.path" value="C:\Users\Kartik Verma\Downloads\OffBussinessAssigment\OffBussinessAssigment\target\test-classes;C:\Users\Kartik Verma\Downloads\OffBussinessAssigment\OffBussinessAssigment\target\classes;C:\Users\Kartik Verma\.m2\repository\org\springframework\boot\spring-boot-starter-web\2.5.4\spring-boot-starter-web-2.5.4.jar;C:\Users\Kartik Verma\.m2\repository\org\springframework\boot\spring-boot-starter\2.5.4\spring-boot-starter-2.5.4.jar;C:\Users\Kartik Verma\.m2\repository\org\springframework\boot\spring-boot-starter-logging\2.5.4\spring-boot-starter-logging-2.5.4.jar;C:\Users\Kartik Verma\.m2\repository\ch\qos\logback\logback-classic\1.2.5\logback-classic-1.2.5.jar;C:\Users\Kartik Verma\.m2\repository\ch\qos\logback\logback-core\1.2.5\logback-core-1.2.5.jar;C:\Users\Kartik Verma\.m2\repository\org\apache\logging\log4j\log4j-to-slf4j\2.14.1\log4j-to-slf4j-2.14.1.jar;C:\Users\Kartik Verma\.m2\repository\org\apache\logging\log4j\log4j-api\2.14.1\log4j-api-2.14.1.jar;C:\Users\Kartik Verma\.m2\repository\org\slf4j\jul-to-slf4j\1.7.32\jul-to-slf4j-1.7.32.jar;C:\Users\Kartik Verma\.m2\repository\jakarta\annotation\jakarta.annotation-api\1.3.5\jakarta.annotation-api-1.3.5.jar;C:\Users\Kartik Verma\.m2\repository\org\yaml\snakeyaml\1.28\snakeyaml-1.28.jar;C:\Users\Kartik Verma\.m2\repository\org\springframework\boot\spring-boot-starter-json\2.5.4\spring-boot-starter-json-2.5.4.jar;C:\Users\Kartik Verma\.m2\repository\com\fasterxml\jackson\core\jackson-databind\2.12.4\jackson-databind-2.12.4.jar;C:\Users\Kartik Verma\.m2\repository\com\fasterxml\jackson\core\jackson-annotations\2.12.4\jackson-annotations-2.12.4.jar;C:\Users\Kartik Verma\.m2\repository\com\fasterxml\jackson\core\jackson-core\2.12.4\jackson-core-2.12.4.jar;C:\Users\Kartik Verma\.m2\repository\com\fasterxml\jackson\datatype\jackson-datatype-jdk8\2.12.4\jackson-datatype-jdk8-2.12.4.jar;C:\Users\Kartik Verma\.m2\repository\com\fasterxml\jackson\datatype\jackson-datatype-jsr310\2.12.4\jackson-datatype-jsr310-2.12.4.jar;C:\Users\Kartik Verma\.m2\repository\com\fasterxml\jackson\module\jackson-module-parameter-names\2.12.4\jackson-module-parameter-names-2.12.4.jar;C:\Users\Kartik Verma\.m2\repository\org\springframework\boot\spring-boot-starter-tomcat\2.5.4\spring-boot-starter-tomcat-2.5.4.jar;C:\Users\Kartik Verma\.m2\repository\org\apache\tomcat\embed\tomcat-embed-core\9.0.52\tomcat-embed-core-9.0.52.jar;C:\Users\Kartik Verma\.m2\repository\org\apache\tomcat\embed\tomcat-embed-el\9.0.52\tomcat-embed-el-9.0.52.jar;C:\Users\Kartik Verma\.m2\repository\org\apache\tomcat\embed\tomcat-embed-websocket\9.0.52\tomcat-embed-websocket-9.0.52.jar;C:\Users\Kartik Verma\.m2\repository\org\springframework\spring-web\5.3.9\spring-web-5.3.9.jar;C:\Users\Kartik Verma\.m2\repository\org\springframework\spring-beans\5.3.9\spring-beans-5.3.9.jar;C:\Users\Kartik Verma\.m2\repository\org\springframework\spring-webmvc\5.3.9\spring-webmvc-5.3.9.jar;C:\Users\Kartik Verma\.m2\repository\org\springframework\spring-aop\5.3.9\spring-aop-5.3.9.jar;C:\Users\Kartik Verma\.m2\repository\org\springframework\spring-context\5.3.9\spring-context-5.3.9.jar;C:\Users\Kartik Verma\.m2\repository\org\springframework\spring-expression\5.3.9\spring-expression-5.3.9.jar;C:\Users\Kartik Verma\.m2\repository\org\springframework\boot\spring-boot-starter-webflux\2.5.4\spring-boot-starter-webflux-2.5.4.jar;C:\Users\Kartik Verma\.m2\repository\org\springframework\boot\spring-boot-starter-reactor-netty\2.5.4\spring-boot-starter-reactor-netty-2.5.4.jar;C:\Users\Kartik Verma\.m2\repository\io\projectreactor\netty\reactor-netty-http\1.0.10\reactor-netty-http-1.0.10.jar;C:\Users\Kartik Verma\.m2\repository\io\netty\netty-codec-http\4.1.67.Final\netty-codec-http-4.1.67.Final.jar;C:\Users\Kartik Verma\.m2\repository\io\netty\netty-common\4.1.67.Final\netty-common-4.1.67.Final.jar;C:\Users\Kartik Verma\.m2\repository\io\netty\netty-buffer\4.1.67.Final\netty-buffer-4.1.67.Final.jar;C:\Users\Kartik Verma\.m2\repository\io\netty\netty-transport\4.1.67.Final\netty-transport-4.1.67.Final.jar;C:\Users\Kartik Verma\.m2\repository\io\netty\netty-codec\4.1.67.Final\netty-codec-4.1.67.Final.jar;C:\Users\Kartik Verma\.m2\repository\io\netty\netty-handler\4.1.67.Final\netty-handler-4.1.67.Final.jar;C:\Users\Kartik Verma\.m2\repository\io\netty\netty-codec-http2\4.1.67.Final\netty-codec-http2-4.1.67.Final.jar;C:\Users\Kartik Verma\.m2\repository\io\netty\netty-resolver-dns\4.1.67.Final\netty-resolver-dns-4.1.67.Final.jar;C:\Users\Kartik Verma\.m2\repository\io\netty\netty-resolver\4.1.67.Final\netty-resolver-4.1.67.Final.jar;C:\Users\Kartik Verma\.m2\repository\io\netty\netty-codec-dns\4.1.67.Final\netty-codec-dns-4.1.67.Final.jar;C:\Users\Kartik Verma\.m2\repository\io\netty\netty-resolver-dns-native-macos\4.1.67.Final\netty-resolver-dns-native-macos-4.1.67.Final-osx-x86_64.jar;C:\Users\Kartik Verma\.m2\repository\io\netty\netty-transport-native-unix-common\4.1.67.Final\netty-transport-native-unix-common-4.1.67.Final.jar;C:\Users\Kartik Verma\.m2\repository\io\netty\netty-transport-native-epoll\4.1.67.Final\netty-transport-native-epoll-4.1.67.Final-linux-x86_64.jar;C:\Users\Kartik Verma\.m2\repository\io\projectreactor\netty\reactor-netty-core\1.0.10\reactor-netty-core-1.0.10.jar;C:\Users\Kartik Verma\.m2\repository\io\netty\netty-handler-proxy\4.1.67.Final\netty-handler-proxy-4.1.67.Final.jar;C:\Users\Kartik Verma\.m2\repository\io\netty\netty-codec-socks\4.1.67.Final\netty-codec-socks-4.1.67.Final.jar;C:\Users\Kartik Verma\.m2\repository\org\springframework\spring-webflux\5.3.9\spring-webflux-5.3.9.jar;C:\Users\Kartik Verma\.m2\repository\org\springframework\boot\spring-boot-devtools\2.5.4\spring-boot-devtools-2.5.4.jar;C:\Users\Kartik Verma\.m2\repository\org\springframework\boot\spring-boot\2.5.4\spring-boot-2.5.4.jar;C:\Users\Kartik Verma\.m2\repository\org\springframework\boot\spring-boot-autoconfigure\2.5.4\spring-boot-autoconfigure-2.5.4.jar;C:\Users\Kartik Verma\.m2\repository\org\springframework\boot\spring-boot-starter-test\2.5.4\spring-boot-starter-test-2.5.4.jar;C:\Users\Kartik Verma\.m2\repository\org\springframework\boot\spring-boot-test\2.5.4\spring-boot-test-2.5.4.jar;C:\Users\Kartik Verma\.m2\repository\org\springframework\boot\spring-boot-test-autoconfigure\2.5.4\spring-boot-test-autoconfigure-2.5.4.jar;C:\Users\Kartik Verma\.m2\repository\com\jayway\jsonpath\json-path\2.5.0\json-path-2.5.0.jar;C:\Users\Kartik Verma\.m2\repository\net\minidev\json-smart\2.4.7\json-smart-2.4.7.jar;C:\Users\Kartik Verma\.m2\repository\net\minidev\accessors-smart\2.4.7\accessors-smart-2.4.7.jar;C:\Users\Kartik Verma\.m2\repository\org\ow2\asm\asm\9.1\asm-9.1.jar;C:\Users\Kartik Verma\.m2\repository\org\slf4j\slf4j-api\1.7.32\slf4j-api-1.7.32.jar;C:\Users\Kartik Verma\.m2\repository\jakarta\xml\bind\jakarta.xml.bind-api\2.3.3\jakarta.xml.bind-api-2.3.3.jar;C:\Users\Kartik Verma\.m2\repository\jakarta\activation\jakarta.activation-api\1.2.2\jakarta.activation-api-1.2.2.jar;C:\Users\Kartik Verma\.m2\repository\org\assertj\assertj-core\3.19.0\assertj-core-3.19.0.jar;C:\Users\Kartik Verma\.m2\repository\org\hamcrest\hamcrest\2.2\hamcrest-2.2.jar;C:\Users\Kartik Verma\.m2\repository\org\junit\jupiter\junit-jupiter\5.7.2\junit-jupiter-5.7.2.jar;C:\Users\Kartik Verma\.m2\repository\org\junit\jupiter\junit-jupiter-api\5.7.2\junit-jupiter-api-5.7.2.jar;C:\Users\Kartik Verma\.m2\repository\org\apiguardian\apiguardian-api\1.1.0\apiguardian-api-1.1.0.jar;C:\Users\Kartik Verma\.m2\repository\org\opentest4j\opentest4j\1.2.0\opentest4j-1.2.0.jar;C:\Users\Kartik Verma\.m2\repository\org\junit\platform\junit-platform-commons\1.7.2\junit-platform-commons-1.7.2.jar;C:\Users\Kartik Verma\.m2\repository\org\junit\jupiter\junit-jupiter-params\5.7.2\junit-jupiter-params-5.7.2.jar;C:\Users\Kartik Verma\.m2\repository\org\junit\jupiter\junit-jupiter-engine\5.7.2\junit-jupiter-engine-5.7.2.jar;C:\Users\Kartik Verma\.m2\repository\org\junit\platform\junit-platform-engine\1.7.2\junit-platform-engine-1.7.2.jar;C:\Users\Kartik Verma\.m2\repository\org\mockito\mockito-core\3.9.0\mockito-core-3.9.0.jar;C:\Users\Kartik Verma\.m2\repository\net\bytebuddy\byte-buddy\1.10.22\byte-buddy-1.10.22.jar;C:\Users\Kartik Verma\.m2\repository\net\bytebuddy\byte-buddy-agent\1.10.22\byte-buddy-agent-1.10.22.jar;C:\Users\Kartik Verma\.m2\repository\org\objenesis\objenesis\3.2\objenesis-3.2.jar;C:\Users\Kartik Verma\.m2\repository\org\mockito\mockito-junit-jupiter\3.9.0\mockito-junit-jupiter-3.9.0.jar;C:\Users\Kartik Verma\.m2\repository\org\skyscreamer\jsonassert\1.5.0\jsonassert-1.5.0.jar;C:\Users\Kartik Verma\.m2\repository\com\vaadin\external\google\android-json\0.0.20131108.vaadin1\android-json-0.0.20131108.vaadin1.jar;C:\Users\Kartik Verma\.m2\repository\org\springframework\spring-core\5.3.9\spring-core-5.3.9.jar;C:\Users\Kartik Verma\.m2\repository\org\springframework\spring-jcl\5.3.9\spring-jcl-5.3.9.jar;C:\Users\Kartik Verma\.m2\repository\org\springframework\spring-test\5.3.9\spring-test-5.3.9.jar;C:\Users\Kartik Verma\.m2\repository\org\xmlunit\xmlunit-core\2.8.2\xmlunit-core-2.8.2.jar;C:\Users\Kartik Verma\.m2\repository\io\projectreactor\reactor-test\3.4.9\reactor-test-3.4.9.jar;C:\Users\Kartik Verma\.m2\repository\io\projectreactor\reactor-core\3.4.9\reactor-core-3.4.9.jar;C:\Users\Kartik Verma\.m2\repository\org\reactivestreams\reactive-streams\1.0.3\reactive-streams-1.0.3.jar;"/>
    <property name="sun.cpu.endian" value="little"/>
    <property name="user.home" value="C:\Users\Kartik Verma"/>
    <property name="user.language" value="en"/>
    <property name="java.specification.vendor" value="Oracle Corporation"/>
    <property name="java.home" value="C:\Program Files\Java\jdk1.8.0_162\jre"/>
    <property name="basedir" value="C:\Users\Kartik Verma\Downloads\OffBussinessAssigment\OffBussinessAssigment"/>
    <property name="file.separator" value="\"/>
    <property name="line.separator" value="&#10;"/>
    <property name="java.vm.specification.vendor" value="Oracle Corporation"/>
    <property name="java.specification.name" value="Java Platform API Specification"/>
    <property name="java.awt.graphicsenv" value="sun.awt.Win32GraphicsEnvironment"/>
    <property name="surefire.real.class.path" value="C:\Users\KARTIK~1\AppData\Local\Temp\surefire574678659131096672\surefirebooter654842311684048035.jar"/>
    <property name="sun.boot.class.path" value="C:\Program Files\Java\jdk1.8.0_162\jre\lib\resources.jar;C:\Program Files\Java\jdk1.8.0_162\jre\lib\rt.jar;C:\Program Files\Java\jdk1.8.0_162\jre\lib\sunrsasign.jar;C:\Program Files\Java\jdk1.8.0_162\jre\lib\jsse.jar;C:\Program Files\Java\jdk1.8.0_162\jre\lib\jce.jar;C:\Program Files\Java\jdk1.8.0_162\jre\lib\charsets.jar;C:\Program Files\Java\jdk1.8.0_162\jre\lib\jfr.jar;C:\Program Files\Java\jdk1.8.0_162\jre\classes"/>
    <property name="user.script" value=""/>
    <property name="sun.management.compiler" value="HotSpot 64-Bit Tiered Compilers"/>
    <property name="java.runtime.version" value="1.8.0_162-b12"/>
    <property name="user.name" value="Kartik Verma"/>
    <property name="path.separator" value=";"/>
    <property name="os.version" value="10.0"/>
    <property name="java.endorsed.dirs" value="C:\Program Files\Java\jdk1.8.0_162\jre\lib\endorsed"/>
    <property name="java.runtime.name" value="Java(TM) SE Runtime Environment"/>
    <property name="file.encoding" value="Cp1252"/>
    <property name="java.vm.name" value="Java HotSpot(TM) 64-Bit Server VM"/>
    <property name="localRepository" value="C:\Users\Kartik Verma\.m2\repository"/>
    <property name="java.vendor.url.bug" value="http://bugreport.sun.com/bugreport/"/>
    <property name="java.io.tmpdir" value="C:\Users\KARTIK~1\AppData\Local\Temp\"/>
    <property name="java.version" value="1.8.0_162"/>
    <property name="user.dir" value="C:\Users\Kartik Verma\Downloads\OffBussinessAssigment\OffBussinessAssigment"/>
    <property name="os.arch" value="amd64"/>
    <property name="java.vm.specification.name" value="Java Virtual Machine Specification"/>
    <property name="java.awt.printerjob" value="sun.awt.windows.WPrinterJob"/>
    <property name="sun.os.patch.level" value=""/>
    <property name="java.library.path" value="C:\Program Files\Java\jdk1.8.0_162\jre\bin;C:\WINDOWS\Sun\Java\bin;C:\WINDOWS\system32;C:\WINDOWS;C:\ProgramData\Oracle\Java\javapath;C:\Windows\system32;C:\Windows;C:\Windows\System32\Wbem;C:\Windows\System32\WindowsPowerShell\v1.0\;C:\Windows\System32\OpenSSH\;C:\Program Files (x86)\NVIDIA Corporation\PhysX\Common;C:\Program Files\Intel\WiFi\bin\;C:\Program Files\Common Files\Intel\WirelessCommon\;C:\WINDOWS\system32;C:\WINDOWS;C:\WINDOWS\System32\Wbem;C:\WINDOWS\System32\WindowsPowerShell\v1.0\;C:\WINDOWS\System32\OpenSSH\;C:\Program Files (x86)\PuTTY\;E:\setup\Git\cmd;C:\Program Files\TortoiseGit\bin;C:\Program Files\nodejs\;C:\ProgramData\chocolatey\bin;PYTHON_HOME;C:\Program Files\MySQL\MySQL Shell 8.0\bin\;D:\apache-maven-3.6.3\bin;C:\ProgramData\Kartik Verma\atom\bin;C:\Users\Kartik Verma\AppData\Local\hyper\app-3.0.2\resources\bin;C:\Users\Kartik Verma\AppData\Local\Microsoft\WindowsApps;C:\Users\Kartik Verma\AppData\Local\atom\bin;C:\Users\Kartik Verma\AppData\Roaming\npm;."/>
    <property name="java.vm.info" value="mixed mode"/>
    <property name="java.vendor" value="Oracle Corporation"/>
    <property name="java.vm.version" value="25.162-b12"/>
    <property name="java.ext.dirs" value="C:\Program Files\Java\jdk1.8.0_162\jre\lib\ext;C:\WINDOWS\Sun\Java\lib\ext"/>
    <property name="sun.io.unicode.encoding" value="UnicodeLittle"/>
    <property name="java.class.version" value="52.0"/>
  </properties>
  <testcase name="com.off.bussiness.assigment.OffBussinessAssigment.OffBussinessAssigmentApplicationTests" classname="com.off.bussiness.assigment.OffBussinessAssigment.OffBussinessAssigmentApplicationTests" time="0.579">
    <error message="Unable to find a @SpringBootConfiguration, you need to use @ContextConfiguration or @SpringBootTest(classes=...) with your test" type="java.lang.IllegalStateException">java.lang.IllegalStateException: Unable to find a @SpringBootConfiguration, you need to use @ContextConfiguration or @SpringBootTest(classes=...) with your test
</error>
    <system-out><![CDATA[20:11:47.575 [main] DEBUG org.springframework.test.context.BootstrapUtils - Instantiating CacheAwareContextLoaderDelegate from class [org.springframework.test.context.cache.DefaultCacheAwareContextLoaderDelegate]
20:11:47.602 [main] DEBUG org.springframework.test.context.BootstrapUtils - Instantiating BootstrapContext using constructor [public org.springframework.test.context.support.DefaultBootstrapContext(java.lang.Class,org.springframework.test.context.CacheAwareContextLoaderDelegate)]
20:11:47.668 [main] DEBUG org.springframework.test.context.BootstrapUtils - Instantiating TestContextBootstrapper for test class [com.off.bussiness.assigment.OffBussinessAssigment.OffBussinessAssigmentApplicationTests] from class [org.springframework.boot.test.context.SpringBootTestContextBootstrapper]
20:11:47.693 [main] INFO org.springframework.boot.test.context.SpringBootTestContextBootstrapper - Neither @ContextConfiguration nor @ContextHierarchy found for test class [com.off.bussiness.assigment.OffBussinessAssigment.OffBussinessAssigmentApplicationTests], using SpringBootContextLoader
20:11:47.701 [main] DEBUG org.springframework.test.context.support.AbstractContextLoader - Did not detect default resource location for test class [com.off.bussiness.assigment.OffBussinessAssigment.OffBussinessAssigmentApplicationTests]: class path resource [com/off/bussiness/assigment/OffBussinessAssigment/OffBussinessAssigmentApplicationTests-context.xml] does not exist
20:11:47.702 [main] DEBUG org.springframework.test.context.support.AbstractContextLoader - Did not detect default resource location for test class [com.off.bussiness.assigment.OffBussinessAssigment.OffBussinessAssigmentApplicationTests]: class path resource [com/off/bussiness/assigment/OffBussinessAssigment/OffBussinessAssigmentApplicationTestsContext.groovy] does not exist
20:11:47.702 [main] INFO org.springframework.test.context.support.AbstractContextLoader - Could not detect default resource locations for test class [com.off.bussiness.assigment.OffBussinessAssigment.OffBussinessAssigmentApplicationTests]: no resource found for suffixes {-context.xml, Context.groovy}.
20:11:47.703 [main] INFO org.springframework.test.context.support.AnnotationConfigContextLoaderUtils - Could not detect default configuration classes for test class [com.off.bussiness.assigment.OffBussinessAssigment.OffBussinessAssigmentApplicationTests]: OffBussinessAssigmentApplicationTests does not declare any static, non-private, non-final, nested classes annotated with @Configuration.
20:11:47.803 [main] DEBUG org.springframework.test.context.support.ActiveProfilesUtils - Could not find an 'annotation declaring class' for annotation type [org.springframework.test.context.ActiveProfiles] and class [com.off.bussiness.assigment.OffBussinessAssigment.OffBussinessAssigmentApplicationTests]
]]></system-out>
  </testcase>
</testsuite>